\BOOKMARK [0][-]{chapter.1}{Acknowledgements}{}% 1
\BOOKMARK [0][-]{chapter.2}{Introduction}{}% 2
\BOOKMARK [1][-]{section.2.1}{Abstract}{chapter.2}% 3
\BOOKMARK [1][-]{section.2.2}{Background}{chapter.2}% 4
\BOOKMARK [2][-]{subsection.2.2.1}{SCADA}{section.2.2}% 5
\BOOKMARK [1][-]{section.2.3}{Motivations}{chapter.2}% 6
\BOOKMARK [2][-]{subsection.2.3.1}{SCADA Security}{section.2.3}% 7
\BOOKMARK [2][-]{subsection.2.3.2}{Scalability}{section.2.3}% 8
\BOOKMARK [2][-]{subsection.2.3.3}{Replication}{section.2.3}% 9
\BOOKMARK [0][-]{chapter.3}{Event Based Architecture}{}% 10
\BOOKMARK [1][-]{section.3.1}{Overview}{chapter.3}% 11
\BOOKMARK [1][-]{section.3.2}{HMI}{chapter.3}% 12
\BOOKMARK [1][-]{section.3.3}{Master}{chapter.3}% 13
\BOOKMARK [1][-]{section.3.4}{Proxy}{chapter.3}% 14
\BOOKMARK [1][-]{section.3.5}{PLC}{chapter.3}% 15
\BOOKMARK [1][-]{section.3.6}{Fourth section}{chapter.3}% 16
\BOOKMARK [0][-]{chapter.4}{Case Study: Power Distribution Scenario}{}% 17
\BOOKMARK [1][-]{section.4.1}{HMI}{chapter.4}% 18
\BOOKMARK [1][-]{section.4.2}{Master}{chapter.4}% 19
\BOOKMARK [1][-]{section.4.3}{Open PLC}{chapter.4}% 20
